<?xml version="1.0" encoding="UTF-8"?>
<!-- Generated by org.testng.reporters.JUnitReportReporter -->
<testsuite skipped="0" hostname="RamRaksha-PC" name="com.readExcel.Bhavani" tests="1" failures="0" timestamp="29 Aug 2021 17:26:18 GMT" time="1.135" errors="0">
  <testcase name="testNG" time="1.135" classname="com.readExcel.Bhavani"/>
</testsuite> <!-- com.readExcel.Bhavani -->
